<?xml version="1.0" encoding="UTF-8"?>
<testsuite name="TestMultiAssignment" tests="1" skipped="0" failures="0" errors="0" timestamp="2018-05-24T20:04:38" hostname="Lenovo-320" time="0.005">
  <properties/>
  <testcase name="testIsLeapDay" classname="TestMultiAssignment" time="0.005"/>
  <system-out><![CDATA[]]></system-out>
  <system-err><![CDATA[]]></system-err>
</testsuite>
