<?xml version="1.0" encoding="UTF-8"?>
<testsuite name="TestInRange" tests="3" skipped="0" failures="0" errors="0" timestamp="2018-05-24T19:47:53" hostname="Lenovo-320" time="0.01">
  <properties/>
  <testcase name="testAfter" classname="TestInRange" time="0.009"/>
  <testcase name="testBefore" classname="TestInRange" time="0.001"/>
  <testcase name="testInRange" classname="TestInRange" time="0.0"/>
  <system-out><![CDATA[]]></system-out>
  <system-err><![CDATA[]]></system-err>
</testsuite>
