<?xml version="1.0" encoding="UTF-8"?>
<testsuite name="TestComparison" tests="2" skipped="0" failures="0" errors="0" timestamp="2018-05-24T19:44:14" hostname="Lenovo-320" time="0.009">
  <properties/>
  <testcase name="testAfter" classname="TestComparison" time="0.008"/>
  <testcase name="testBefore" classname="TestComparison" time="0.0"/>
  <system-out><![CDATA[]]></system-out>
  <system-err><![CDATA[]]></system-err>
</testsuite>
