<?xml version="1.0" encoding="UTF-8"?>
<testsuite name="TestOperatorsOverloading" tests="3" skipped="0" failures="0" errors="0" timestamp="2018-05-24T20:00:55" hostname="Lenovo-320" time="0.021">
  <properties/>
  <testcase name="testOneMonth" classname="TestOperatorsOverloading" time="0.02"/>
  <testcase name="testAddOneTimeInterval" classname="TestOperatorsOverloading" time="0.0"/>
  <testcase name="testMonthChange" classname="TestOperatorsOverloading" time="0.0"/>
  <system-out><![CDATA[]]></system-out>
  <system-err><![CDATA[]]></system-err>
</testsuite>
