<?xml version="1.0" encoding="UTF-8"?>
<testsuite name="TestSmartCasts" tests="3" skipped="0" failures="0" errors="0" timestamp="2018-05-24T19:29:22" hostname="Lenovo-320" time="0.008">
  <properties/>
  <testcase name="testNum" classname="TestSmartCasts" time="0.007"/>
  <testcase name="testSum" classname="TestSmartCasts" time="0.001"/>
  <testcase name="testRecursion" classname="TestSmartCasts" time="0.0"/>
  <system-out><![CDATA[]]></system-out>
  <system-err><![CDATA[]]></system-err>
</testsuite>
