<?xml version="1.0" encoding="UTF-8"?>
<testsuite name="TestObjectExpressions" tests="1" skipped="0" failures="0" errors="0" timestamp="2018-05-24T19:36:52" hostname="Lenovo-320" time="0.029">
  <properties/>
  <testcase name="testSort" classname="TestObjectExpressions" time="0.029"/>
  <system-out><![CDATA[]]></system-out>
  <system-err><![CDATA[]]></system-err>
</testsuite>
