<?xml version="1.0" encoding="UTF-8"?>
<testsuite name="TestRangeTo" tests="1" skipped="0" failures="0" errors="0" timestamp="2018-05-24T19:50:08" hostname="Lenovo-320" time="0.01">
  <properties/>
  <testcase name="testInRange" classname="TestRangeTo" time="0.01"/>
  <system-out><![CDATA[]]></system-out>
  <system-err><![CDATA[]]></system-err>
</testsuite>
