<?xml version="1.0" encoding="UTF-8"?>
<testsuite name="TestSort" tests="1" skipped="0" failures="0" errors="0" timestamp="2018-05-27T17:02:34" hostname="Lenovo-320" time="0.041">
  <properties/>
  <testcase name="testGetCustomersSortedByNumberOfOrders" classname="TestSort" time="0.041"/>
  <system-out><![CDATA[]]></system-out>
  <system-err><![CDATA[]]></system-err>
</testsuite>
