<?xml version="1.0" encoding="UTF-8"?>
<testsuite name="TestFunctions" tests="1" skipped="0" failures="0" errors="0" timestamp="2018-05-24T18:56:21" hostname="Lenovo-320" time="0.027">
  <properties/>
  <testcase name="collection" classname="TestFunctions" time="0.027"/>
  <system-out><![CDATA[]]></system-out>
  <system-err><![CDATA[]]></system-err>
</testsuite>
