<?xml version="1.0" encoding="UTF-8"?>
<testsuite name="TestSamConversions" tests="1" skipped="0" failures="0" errors="0" timestamp="2018-05-24T19:37:30" hostname="Lenovo-320" time="0.039">
  <properties/>
  <testcase name="testSort" classname="TestSamConversions" time="0.039"/>
  <system-out><![CDATA[]]></system-out>
  <system-err><![CDATA[]]></system-err>
</testsuite>
