<?xml version="1.0" encoding="UTF-8"?>
<testsuite name="TestForLoop" tests="2" skipped="0" failures="0" errors="0" timestamp="2018-05-24T19:57:05" hostname="Lenovo-320" time="0.028">
  <properties/>
  <testcase name="testIterateOverDateRange" classname="TestForLoop" time="0.027"/>
  <testcase name="testIterateOverEmptyRange" classname="TestForLoop" time="0.001"/>
  <system-out><![CDATA[]]></system-out>
  <system-err><![CDATA[]]></system-err>
</testsuite>
