<?xml version="1.0" encoding="UTF-8"?>
<testsuite name="TestFlatMap" tests="2" skipped="0" failures="0" errors="0" timestamp="2018-05-27T16:57:07" hostname="Lenovo-320" time="0.049">
  <properties/>
  <testcase name="testGetOrderedProductsSet" classname="TestFlatMap" time="0.047"/>
  <testcase name="testGetAllOrderedProducts" classname="TestFlatMap" time="0.002"/>
  <system-out><![CDATA[]]></system-out>
  <system-err><![CDATA[]]></system-err>
</testsuite>
